<?xml version="1.0" encoding="UTF-8"?>
<testsuite xmlns:xsi="http://www.w3.org/2001/XMLSchema-instance" xsi:noNamespaceSchemaLocation="https://maven.apache.org/surefire/maven-surefire-plugin/xsd/surefire-test-report-3.0.xsd" version="3.0" name="Data Tables Feature" time="10.086" tests="1" errors="1" skipped="0" failures="0">
  <properties>
[...]
</properties>
  <testcase name="Data Tables Test" classname="Data Tables Feature" time="10.041">
    <error message="Cannot invoke &quot;org.openqa.selenium.WebDriver.close()&quot; because the return value of &quot;java.lang.ThreadLocal.get()&quot; is null" type="java.lang.NullPointerException"><![CDATA[java.lang.NullPointerException: Cannot invoke "org.openqa.selenium.WebDriver.close()" because the return value of "java.lang.ThreadLocal.get()" is null
	at utilities.Driver.closeDriver(Driver.java:36)
	at stepdefinitions.CommonStepDef.i_close_the_browser(CommonStepDef.java:46)
	at ✽.I close the browser(file:///Users/emirkarsli/IdeaProjects/SDA-2024-Onsite-Cucumber/src/test/resources/features/dataTables.feature:8)
]]></error>
    <system-out><![CDATA[Before the scenario: Setting up the environment...
Scenario id: b76df651-da70-4842-8b03-13b8b4dbbd08
Scenario name: Data Tables Test
[amazon, google, ebay]
amazon
google
ebay
After the scenario, cleaning up the test environment
Scenario status: FAILED
Scenario isFailed?: true
]]></system-out>
    <system-err><![CDATA[Mar 27, 2024 10:04:43 AM org.openqa.selenium.manager.SeleniumManager lambda$runCommand$1
WARNING: Error sending stats to Plausible: error sending request for url (https://plausible.io/api/event): operation timed out
Mar 27, 2024 10:04:45 AM org.openqa.selenium.devtools.CdpVersionFinder findNearestMatch
WARNING: Unable to find an exact match for CDP version 123, returning the closest version; found: 122; Please update to a Selenium version that supports CDP version 123
]]></system-err>
  </testcase>
</testsuite>